[     451ms] [INFO] %cDownload the React DevTools for a better development experience: https://react.dev/link/react-devtools font-weight:bold @ http://localhost:5173/node_modules/.vite/deps/react-dom_client.js?v=b8c2488d:17986
[     978ms] [ERROR] Failed to load resource: the server responded with a status of 404 (Not Found) @ http://localhost:5173/api/supervisor-document-reviews/:0
[     980ms] [ERROR] Failed to load resource: the server responded with a status of 404 (Not Found) @ http://localhost:5173/api/inbox/:0
[     981ms] [WARNING] [InboxService] Falling back to mock notifications. AxiosError: Request failed with status code 404
    at settle (http://localhost:5173/node_modules/.vite/deps/axios.js?v=b8c2488d:1319:7)
    at XMLHttpRequest.onloadend (http://localhost:5173/node_modules/.vite/deps/axios.js?v=b8c2488d:1682:7)
    at Axios.request (http://localhost:5173/node_modules/.vite/deps/axios.js?v=b8c2488d:2328:41)
    at async ApiClient.executeWithRetry (http://localhost:5173/src/services/ApiClient.ts:153:16)
    at async ApiClient.getInbox (http://localhost:5173/src/services/ApiClient.ts:738:22)
    at async Object.getItems (http://localhost:5173/src/services/InboxService.ts:18:24)
    at async http://localhost:5173/src/hooks/useAppInbox.ts:11:24 @ http://localhost:5173/src/services/InboxService.ts:20
[     982ms] [ERROR] Failed to load resource: the server responded with a status of 404 (Not Found) @ http://localhost:5173/api/supervisor-document-reviews/:0
[     983ms] [ERROR] Failed to load resource: the server responded with a status of 404 (Not Found) @ http://localhost:5173/api/inbox/:0
[     983ms] [WARNING] [InboxService] Falling back to mock notifications. AxiosError: Request failed with status code 404
    at settle (http://localhost:5173/node_modules/.vite/deps/axios.js?v=b8c2488d:1319:7)
    at XMLHttpRequest.onloadend (http://localhost:5173/node_modules/.vite/deps/axios.js?v=b8c2488d:1682:7)
    at Axios.request (http://localhost:5173/node_modules/.vite/deps/axios.js?v=b8c2488d:2328:41)
    at async ApiClient.executeWithRetry (http://localhost:5173/src/services/ApiClient.ts:153:16)
    at async ApiClient.getInbox (http://localhost:5173/src/services/ApiClient.ts:738:22)
    at async Object.getItems (http://localhost:5173/src/services/InboxService.ts:18:24)
    at async http://localhost:5173/src/hooks/useAppInbox.ts:11:24 @ http://localhost:5173/src/services/InboxService.ts:20
[    1043ms] [ERROR] Failed to load resource: the server responded with a status of 404 (Not Found) @ http://localhost:5173/api/documents/?page=1&page_size=500:0
[    1044ms] [WARNING] API unavailable after retries, using mock data: AxiosError: Request failed with status code 404
    at settle (http://localhost:5173/node_modules/.vite/deps/axios.js?v=b8c2488d:1319:7)
    at XMLHttpRequest.onloadend (http://localhost:5173/node_modules/.vite/deps/axios.js?v=b8c2488d:1682:7)
    at Axios.request (http://localhost:5173/node_modules/.vite/deps/axios.js?v=b8c2488d:2328:41)
    at async ApiClient.executeWithRetry (http://localhost:5173/src/services/ApiClient.ts:153:16)
    at async ApiClient.getDocuments (http://localhost:5173/src/services/ApiClient.ts:354:24)
    at async http://localhost:5173/src/hooks/usePlLinkableDocuments.ts:35:24 @ http://localhost:5173/src/services/ApiClient.ts:363
[    1045ms] [ERROR] Failed to load resource: the server responded with a status of 404 (Not Found) @ http://localhost:5173/api/supervisor-document-reviews/?pl_item=38100000:0
[    1047ms] [ERROR] Failed to load resource: the server responded with a status of 404 (Not Found) @ http://localhost:5173/api/documents/?page=1&page_size=500:0
[    1047ms] [WARNING] API unavailable after retries, using mock data: AxiosError: Request failed with status code 404
    at settle (http://localhost:5173/node_modules/.vite/deps/axios.js?v=b8c2488d:1319:7)
    at XMLHttpRequest.onloadend (http://localhost:5173/node_modules/.vite/deps/axios.js?v=b8c2488d:1682:7)
    at Axios.request (http://localhost:5173/node_modules/.vite/deps/axios.js?v=b8c2488d:2328:41)
    at async ApiClient.executeWithRetry (http://localhost:5173/src/services/ApiClient.ts:153:16)
    at async ApiClient.getDocuments (http://localhost:5173/src/services/ApiClient.ts:354:24)
    at async http://localhost:5173/src/hooks/usePlLinkableDocuments.ts:35:24 @ http://localhost:5173/src/services/ApiClient.ts:363
[    1048ms] [ERROR] Failed to load resource: the server responded with a status of 404 (Not Found) @ http://localhost:5173/api/supervisor-document-reviews/?pl_item=38100000:0
