[     386ms] [INFO] %cDownload the React DevTools for a better development experience: https://react.dev/link/react-devtools font-weight:bold @ http://localhost:5173/node_modules/.vite/deps/react-dom_client.js?v=b8c2488d:17986
[    1076ms] [ERROR] Failed to load resource: the server responded with a status of 404 (Not Found) @ http://localhost:5173/api/supervisor-document-reviews/:0
[    1079ms] [ERROR] Failed to load resource: the server responded with a status of 404 (Not Found) @ http://localhost:5173/api/inbox/:0
[    1080ms] [WARNING] [InboxService] Falling back to mock notifications. AxiosError: Request failed with status code 404
    at settle (http://localhost:5173/node_modules/.vite/deps/axios.js?v=b8c2488d:1319:7)
    at XMLHttpRequest.onloadend (http://localhost:5173/node_modules/.vite/deps/axios.js?v=b8c2488d:1682:7)
    at Axios.request (http://localhost:5173/node_modules/.vite/deps/axios.js?v=b8c2488d:2328:41)
    at async ApiClient.executeWithRetry (http://localhost:5173/src/services/ApiClient.ts:153:16)
    at async ApiClient.getInbox (http://localhost:5173/src/services/ApiClient.ts:738:22)
    at async Object.getItems (http://localhost:5173/src/services/InboxService.ts:18:24)
    at async http://localhost:5173/src/hooks/useAppInbox.ts:11:24 @ http://localhost:5173/src/services/InboxService.ts:20
[    1082ms] [ERROR] Failed to load resource: the server responded with a status of 404 (Not Found) @ http://localhost:5173/api/supervisor-document-reviews/:0
[    1086ms] [ERROR] Failed to load resource: the server responded with a status of 404 (Not Found) @ http://localhost:5173/api/inbox/:0
[    1087ms] [WARNING] [InboxService] Falling back to mock notifications. AxiosError: Request failed with status code 404
    at settle (http://localhost:5173/node_modules/.vite/deps/axios.js?v=b8c2488d:1319:7)
    at XMLHttpRequest.onloadend (http://localhost:5173/node_modules/.vite/deps/axios.js?v=b8c2488d:1682:7)
    at Axios.request (http://localhost:5173/node_modules/.vite/deps/axios.js?v=b8c2488d:2328:41)
    at async ApiClient.executeWithRetry (http://localhost:5173/src/services/ApiClient.ts:153:16)
    at async ApiClient.getInbox (http://localhost:5173/src/services/ApiClient.ts:738:22)
    at async Object.getItems (http://localhost:5173/src/services/InboxService.ts:18:24)
    at async http://localhost:5173/src/hooks/useAppInbox.ts:11:24 @ http://localhost:5173/src/services/InboxService.ts:20
[    1657ms] [ERROR] Failed to load resource: the server responded with a status of 404 (Not Found) @ http://localhost:5173/api/documents/?page=1&page_size=500:0
[    1659ms] [WARNING] API unavailable after retries, using mock data: AxiosError: Request failed with status code 404
    at settle (http://localhost:5173/node_modules/.vite/deps/axios.js?v=b8c2488d:1319:7)
    at XMLHttpRequest.onloadend (http://localhost:5173/node_modules/.vite/deps/axios.js?v=b8c2488d:1682:7)
    at Axios.request (http://localhost:5173/node_modules/.vite/deps/axios.js?v=b8c2488d:2328:41)
    at async ApiClient.executeWithRetry (http://localhost:5173/src/services/ApiClient.ts:153:16)
    at async ApiClient.getDocuments (http://localhost:5173/src/services/ApiClient.ts:354:24)
    at async http://localhost:5173/src/hooks/usePlLinkableDocuments.ts:35:24 @ http://localhost:5173/src/services/ApiClient.ts:363
[    1660ms] [ERROR] Failed to load resource: the server responded with a status of 404 (Not Found) @ http://localhost:5173/api/supervisor-document-reviews/?pl_item=38100000:0
[    1662ms] [ERROR] Failed to load resource: the server responded with a status of 404 (Not Found) @ http://localhost:5173/api/documents/?page=1&page_size=500:0
[    1664ms] [WARNING] API unavailable after retries, using mock data: AxiosError: Request failed with status code 404
    at settle (http://localhost:5173/node_modules/.vite/deps/axios.js?v=b8c2488d:1319:7)
    at XMLHttpRequest.onloadend (http://localhost:5173/node_modules/.vite/deps/axios.js?v=b8c2488d:1682:7)
    at Axios.request (http://localhost:5173/node_modules/.vite/deps/axios.js?v=b8c2488d:2328:41)
    at async ApiClient.executeWithRetry (http://localhost:5173/src/services/ApiClient.ts:153:16)
    at async ApiClient.getDocuments (http://localhost:5173/src/services/ApiClient.ts:354:24)
    at async http://localhost:5173/src/hooks/usePlLinkableDocuments.ts:35:24 @ http://localhost:5173/src/services/ApiClient.ts:363
[    1665ms] [ERROR] Failed to load resource: the server responded with a status of 404 (Not Found) @ http://localhost:5173/api/supervisor-document-reviews/?pl_item=38100000:0
[   33010ms] [ERROR] Failed to load resource: the server responded with a status of 404 (Not Found) @ http://localhost:5173/api/documents/?page=1&page_size=500:0
[   33012ms] [WARNING] API unavailable after retries, using mock data: AxiosError: Request failed with status code 404
    at settle (http://localhost:5173/node_modules/.vite/deps/axios.js?v=b8c2488d:1319:7)
    at XMLHttpRequest.onloadend (http://localhost:5173/node_modules/.vite/deps/axios.js?v=b8c2488d:1682:7)
    at Axios.request (http://localhost:5173/node_modules/.vite/deps/axios.js?v=b8c2488d:2328:41)
    at async ApiClient.executeWithRetry (http://localhost:5173/src/services/ApiClient.ts:153:16)
    at async ApiClient.getDocuments (http://localhost:5173/src/services/ApiClient.ts:354:24)
    at async http://localhost:5173/src/hooks/usePlLinkableDocuments.ts:35:24 @ http://localhost:5173/src/services/ApiClient.ts:363
[   33013ms] [ERROR] Failed to load resource: the server responded with a status of 404 (Not Found) @ http://localhost:5173/api/documents/?page=1&page_size=500:0
[   33014ms] [WARNING] API unavailable after retries, using mock data: AxiosError: Request failed with status code 404
    at settle (http://localhost:5173/node_modules/.vite/deps/axios.js?v=b8c2488d:1319:7)
    at XMLHttpRequest.onloadend (http://localhost:5173/node_modules/.vite/deps/axios.js?v=b8c2488d:1682:7)
    at Axios.request (http://localhost:5173/node_modules/.vite/deps/axios.js?v=b8c2488d:2328:41)
    at async ApiClient.executeWithRetry (http://localhost:5173/src/services/ApiClient.ts:153:16)
    at async ApiClient.getDocuments (http://localhost:5173/src/services/ApiClient.ts:354:24)
    at async http://localhost:5173/src/hooks/usePlLinkableDocuments.ts:35:24 @ http://localhost:5173/src/services/ApiClient.ts:363
[   33508ms] [ERROR] Failed to load resource: the server responded with a status of 404 (Not Found) @ http://localhost:5173/api/documents/?page=1&page_size=500:0
[   33508ms] [WARNING] API unavailable after retries, using mock data: AxiosError: Request failed with status code 404
    at settle (http://localhost:5173/node_modules/.vite/deps/axios.js?v=b8c2488d:1319:7)
    at XMLHttpRequest.onloadend (http://localhost:5173/node_modules/.vite/deps/axios.js?v=b8c2488d:1682:7)
    at Axios.request (http://localhost:5173/node_modules/.vite/deps/axios.js?v=b8c2488d:2328:41)
    at async ApiClient.executeWithRetry (http://localhost:5173/src/services/ApiClient.ts:153:16)
    at async ApiClient.getDocuments (http://localhost:5173/src/services/ApiClient.ts:354:24)
    at async http://localhost:5173/src/hooks/usePlLinkableDocuments.ts:35:24 @ http://localhost:5173/src/services/ApiClient.ts:363
[   33509ms] [ERROR] Failed to load resource: the server responded with a status of 404 (Not Found) @ http://localhost:5173/api/documents/?page=1&page_size=500:0
[   33510ms] [WARNING] API unavailable after retries, using mock data: AxiosError: Request failed with status code 404
    at settle (http://localhost:5173/node_modules/.vite/deps/axios.js?v=b8c2488d:1319:7)
    at XMLHttpRequest.onloadend (http://localhost:5173/node_modules/.vite/deps/axios.js?v=b8c2488d:1682:7)
    at Axios.request (http://localhost:5173/node_modules/.vite/deps/axios.js?v=b8c2488d:2328:41)
    at async ApiClient.executeWithRetry (http://localhost:5173/src/services/ApiClient.ts:153:16)
    at async ApiClient.getDocuments (http://localhost:5173/src/services/ApiClient.ts:354:24)
    at async http://localhost:5173/src/hooks/usePlLinkableDocuments.ts:35:24 @ http://localhost:5173/src/services/ApiClient.ts:363
