[     411ms] [INFO] %cDownload the React DevTools for a better development experience: https://react.dev/link/react-devtools font-weight:bold @ http://localhost:5173/node_modules/.vite/deps/react-dom_client.js?v=b8c2488d:17986
[     930ms] [ERROR] Failed to load resource: the server responded with a status of 404 (Not Found) @ http://localhost:5173/api/supervisor-document-reviews/:0
[     932ms] [ERROR] Failed to load resource: the server responded with a status of 404 (Not Found) @ http://localhost:5173/api/inbox/:0
[     934ms] [WARNING] [InboxService] Falling back to mock notifications. AxiosError: Request failed with status code 404
    at settle (http://localhost:5173/node_modules/.vite/deps/axios.js?v=b8c2488d:1319:7)
    at XMLHttpRequest.onloadend (http://localhost:5173/node_modules/.vite/deps/axios.js?v=b8c2488d:1682:7)
    at Axios.request (http://localhost:5173/node_modules/.vite/deps/axios.js?v=b8c2488d:2328:41)
    at async ApiClient.executeWithRetry (http://localhost:5173/src/services/ApiClient.ts:153:16)
    at async ApiClient.getInbox (http://localhost:5173/src/services/ApiClient.ts:738:22)
    at async Object.getItems (http://localhost:5173/src/services/InboxService.ts:18:24)
    at async http://localhost:5173/src/hooks/useAppInbox.ts:11:24 @ http://localhost:5173/src/services/InboxService.ts:20
[     935ms] [ERROR] Failed to load resource: the server responded with a status of 404 (Not Found) @ http://localhost:5173/api/supervisor-document-reviews/:0
[     937ms] [ERROR] Failed to load resource: the server responded with a status of 404 (Not Found) @ http://localhost:5173/api/inbox/:0
[     938ms] [WARNING] [InboxService] Falling back to mock notifications. AxiosError: Request failed with status code 404
    at settle (http://localhost:5173/node_modules/.vite/deps/axios.js?v=b8c2488d:1319:7)
    at XMLHttpRequest.onloadend (http://localhost:5173/node_modules/.vite/deps/axios.js?v=b8c2488d:1682:7)
    at Axios.request (http://localhost:5173/node_modules/.vite/deps/axios.js?v=b8c2488d:2328:41)
    at async ApiClient.executeWithRetry (http://localhost:5173/src/services/ApiClient.ts:153:16)
    at async ApiClient.getInbox (http://localhost:5173/src/services/ApiClient.ts:738:22)
    at async Object.getItems (http://localhost:5173/src/services/InboxService.ts:18:24)
    at async http://localhost:5173/src/hooks/useAppInbox.ts:11:24 @ http://localhost:5173/src/services/InboxService.ts:20
[    1209ms] [ERROR] Failed to load resource: the server responded with a status of 404 (Not Found) @ http://localhost:5173/api/documents/?page=1&page_size=500:0
[    1211ms] [WARNING] API unavailable after retries, using mock data: AxiosError: Request failed with status code 404
    at settle (http://localhost:5173/node_modules/.vite/deps/axios.js?v=b8c2488d:1319:7)
    at XMLHttpRequest.onloadend (http://localhost:5173/node_modules/.vite/deps/axios.js?v=b8c2488d:1682:7)
    at Axios.request (http://localhost:5173/node_modules/.vite/deps/axios.js?v=b8c2488d:2328:41)
    at async ApiClient.executeWithRetry (http://localhost:5173/src/services/ApiClient.ts:153:16)
    at async ApiClient.getDocuments (http://localhost:5173/src/services/ApiClient.ts:354:24)
    at async http://localhost:5173/src/hooks/usePlLinkableDocuments.ts:35:24 @ http://localhost:5173/src/services/ApiClient.ts:363
[    1320ms] [ERROR] Failed to load resource: the server responded with a status of 404 (Not Found) @ http://localhost:5173/api/supervisor-document-reviews/?pl_item=38100000:0
[    1322ms] [ERROR] Failed to load resource: the server responded with a status of 404 (Not Found) @ http://localhost:5173/api/documents/?page=1&page_size=500:0
[    1324ms] [WARNING] API unavailable after retries, using mock data: AxiosError: Request failed with status code 404
    at settle (http://localhost:5173/node_modules/.vite/deps/axios.js?v=b8c2488d:1319:7)
    at XMLHttpRequest.onloadend (http://localhost:5173/node_modules/.vite/deps/axios.js?v=b8c2488d:1682:7)
    at Axios.request (http://localhost:5173/node_modules/.vite/deps/axios.js?v=b8c2488d:2328:41)
    at async ApiClient.executeWithRetry (http://localhost:5173/src/services/ApiClient.ts:153:16)
    at async ApiClient.getDocuments (http://localhost:5173/src/services/ApiClient.ts:354:24)
    at async http://localhost:5173/src/hooks/usePlLinkableDocuments.ts:35:24 @ http://localhost:5173/src/services/ApiClient.ts:363
[    1325ms] [ERROR] Failed to load resource: the server responded with a status of 404 (Not Found) @ http://localhost:5173/api/supervisor-document-reviews/?pl_item=38100000:0
[   17914ms] [WARNING] Warning: Missing `Description` or `aria-describedby={undefined}` for {DialogContent}. @ http://localhost:5173/node_modules/.vite/deps/chunk-D4KMU3XV.js?v=b8c2488d:334
[   17926ms] [WARNING] Warning: Missing `Description` or `aria-describedby={undefined}` for {DialogContent}. @ http://localhost:5173/node_modules/.vite/deps/chunk-D4KMU3XV.js?v=b8c2488d:334
